25-09-2017 11:00:07 ERROR Logger1 - THIS IS TO FILL THE DOCUMENT UNTIL ITS FULL AHAHA
25-09-2017 11:00:07 ERROR Logger1 - THIS IS TO FILL THE DOCUMENT UNTIL ITS FULL AHAHA
25-09-2017 11:00:08 WARN  Logger1 - THIS IS TO FILL THE DOCUMENT UNTIL ITS FULL AHAHA
25-09-2017 11:00:08 WARN  Logger1 - THIS IS TO FILL THE DOCUMENT UNTIL ITS FULL AHAHA
25-09-2017 11:00:08 FATAL Logger1 - THIS IS TO FILL THE DOCUMENT UNTIL ITS FULL AHAHA
25-09-2017 11:00:08 FATAL Logger1 - THIS IS TO FILL THE DOCUMENT UNTIL ITS FULL AHAHA
25-09-2017 11:00:08 ERROR Logger23 - THIS IS TO FILL THE DOCUMENT UNTIL ITS FULL AHAHA
25-09-2017 11:00:08 WARN  Logger23 - THIS IS TO FILL THE DOCUMENT UNTIL ITS FULL AHAHA
25-09-2017 11:00:08 FATAL Logger23 - THIS IS TO FILL THE DOCUMENT UNTIL ITS FULL AHAHA
28-09-2017 10:55:55 ERROR Logger1 - THIS IS TO FILL THE DOCUMENT UNTIL ITS FULL AHAHA
28-09-2017 10:55:55 ERROR Logger1 - THIS IS TO FILL THE DOCUMENT UNTIL ITS FULL AHAHA
28-09-2017 10:55:55 WARN  Logger1 - THIS IS TO FILL THE DOCUMENT UNTIL ITS FULL AHAHA
28-09-2017 10:55:55 WARN  Logger1 - THIS IS TO FILL THE DOCUMENT UNTIL ITS FULL AHAHA
28-09-2017 10:55:55 FATAL Logger1 - THIS IS TO FILL THE DOCUMENT UNTIL ITS FULL AHAHA
28-09-2017 10:55:55 FATAL Logger1 - THIS IS TO FILL THE DOCUMENT UNTIL ITS FULL AHAHA
28-09-2017 10:55:55 ERROR Logger2 - THIS IS TO FILL THE DOCUMENT UNTIL ITS FULL AHAHA
28-09-2017 10:55:55 WARN  Logger2 - THIS IS TO FILL THE DOCUMENT UNTIL ITS FULL AHAHA
28-09-2017 10:55:55 FATAL Logger2 - THIS IS TO FILL THE DOCUMENT UNTIL ITS FULL AHAHA
28-09-2017 16:02:35 ERROR Logger1 - THIS IS TO FILL THE DOCUMENT UNTIL ITS FULL AHAHA
28-09-2017 16:02:35 ERROR Logger1 - THIS IS TO FILL THE DOCUMENT UNTIL ITS FULL AHAHA
28-09-2017 16:02:35 WARN  Logger1 - THIS IS TO FILL THE DOCUMENT UNTIL ITS FULL AHAHA
28-09-2017 16:02:35 WARN  Logger1 - THIS IS TO FILL THE DOCUMENT UNTIL ITS FULL AHAHA
28-09-2017 16:02:35 FATAL Logger1 - THIS IS TO FILL THE DOCUMENT UNTIL ITS FULL AHAHA
28-09-2017 16:02:35 FATAL Logger1 - THIS IS TO FILL THE DOCUMENT UNTIL ITS FULL AHAHA
28-09-2017 16:02:35 ERROR Logger2 - THIS IS TO FILL THE DOCUMENT UNTIL ITS FULL AHAHA
28-09-2017 16:02:35 WARN  Logger2 - THIS IS TO FILL THE DOCUMENT UNTIL ITS FULL AHAHA
28-09-2017 16:02:35 FATAL Logger2 - THIS IS TO FILL THE DOCUMENT UNTIL ITS FULL AHAHA
29-09-2017 14:50:16 ERROR Logger1 - THIS IS TO FILL THE DOCUMENT UNTIL ITS FULL AHAHA
29-09-2017 14:50:16 ERROR Logger1 - THIS IS TO FILL THE DOCUMENT UNTIL ITS FULL AHAHA
29-09-2017 14:50:16 WARN  Logger1 - THIS IS TO FILL THE DOCUMENT UNTIL ITS FULL AHAHA
29-09-2017 14:50:16 WARN  Logger1 - THIS IS TO FILL THE DOCUMENT UNTIL ITS FULL AHAHA
29-09-2017 14:50:16 FATAL Logger1 - THIS IS TO FILL THE DOCUMENT UNTIL ITS FULL AHAHA
29-09-2017 14:50:16 FATAL Logger1 - THIS IS TO FILL THE DOCUMENT UNTIL ITS FULL AHAHA
29-09-2017 14:50:16 ERROR Logger2 - THIS IS TO FILL THE DOCUMENT UNTIL ITS FULL AHAHA
29-09-2017 14:50:16 WARN  Logger2 - THIS IS TO FILL THE DOCUMENT UNTIL ITS FULL AHAHA
29-09-2017 14:50:16 FATAL Logger2 - THIS IS TO FILL THE DOCUMENT UNTIL ITS FULL AHAHA
29-09-2017 14:50:27 ERROR Logger1 - THIS IS TO FILL THE DOCUMENT UNTIL ITS FULL AHAHA
29-09-2017 14:50:27 ERROR Logger1 - THIS IS TO FILL THE DOCUMENT UNTIL ITS FULL AHAHA
29-09-2017 14:50:27 WARN  Logger1 - THIS IS TO FILL THE DOCUMENT UNTIL ITS FULL AHAHA
29-09-2017 14:50:27 WARN  Logger1 - THIS IS TO FILL THE DOCUMENT UNTIL ITS FULL AHAHA
29-09-2017 14:50:27 FATAL Logger1 - THIS IS TO FILL THE DOCUMENT UNTIL ITS FULL AHAHA
29-09-2017 14:50:27 FATAL Logger1 - THIS IS TO FILL THE DOCUMENT UNTIL ITS FULL AHAHA
29-09-2017 14:50:27 ERROR Logger2 - THIS IS TO FILL THE DOCUMENT UNTIL ITS FULL AHAHA
29-09-2017 14:50:27 WARN  Logger2 - THIS IS TO FILL THE DOCUMENT UNTIL ITS FULL AHAHA
29-09-2017 14:50:27 FATAL Logger2 - THIS IS TO FILL THE DOCUMENT UNTIL ITS FULL AHAHA
29-09-2017 14:51:11 ERROR Logger1 - THIS IS TO FILL THE DOCUMENT UNTIL ITS FULL AHAHA
29-09-2017 14:51:11 ERROR Logger1 - THIS IS TO FILL THE DOCUMENT UNTIL ITS FULL AHAHA
29-09-2017 14:51:11 WARN  Logger1 - THIS IS TO FILL THE DOCUMENT UNTIL ITS FULL AHAHA
29-09-2017 14:51:11 WARN  Logger1 - THIS IS TO FILL THE DOCUMENT UNTIL ITS FULL AHAHA
29-09-2017 14:51:11 FATAL Logger1 - THIS IS TO FILL THE DOCUMENT UNTIL ITS FULL AHAHA
29-09-2017 14:51:11 FATAL Logger1 - THIS IS TO FILL THE DOCUMENT UNTIL ITS FULL AHAHA
29-09-2017 14:51:11 ERROR Logger2 - THIS IS TO FILL THE DOCUMENT UNTIL ITS FULL AHAHA
29-09-2017 14:51:11 WARN  Logger2 - THIS IS TO FILL THE DOCUMENT UNTIL ITS FULL AHAHA
29-09-2017 14:51:11 FATAL Logger2 - THIS IS TO FILL THE DOCUMENT UNTIL ITS FULL AHAHA
29-09-2017 14:52:13 ERROR Logger1 - THIS IS TO FILL THE DOCUMENT UNTIL ITS FULL AHAHA
29-09-2017 14:52:13 ERROR Logger1 - THIS IS TO FILL THE DOCUMENT UNTIL ITS FULL AHAHA
29-09-2017 14:52:13 WARN  Logger1 - THIS IS TO FILL THE DOCUMENT UNTIL ITS FULL AHAHA
29-09-2017 14:52:13 WARN  Logger1 - THIS IS TO FILL THE DOCUMENT UNTIL ITS FULL AHAHA
29-09-2017 14:52:13 FATAL Logger1 - THIS IS TO FILL THE DOCUMENT UNTIL ITS FULL AHAHA
29-09-2017 14:52:13 FATAL Logger1 - THIS IS TO FILL THE DOCUMENT UNTIL ITS FULL AHAHA
29-09-2017 14:52:13 ERROR Logger2 - THIS IS TO FILL THE DOCUMENT UNTIL ITS FULL AHAHA
29-09-2017 14:52:13 WARN  Logger2 - THIS IS TO FILL THE DOCUMENT UNTIL ITS FULL AHAHA
29-09-2017 14:52:13 FATAL Logger2 - THIS IS TO FILL THE DOCUMENT UNTIL ITS FULL AHAHA
29-09-2017 14:52:57 ERROR Logger1 - THIS IS TO FILL THE DOCUMENT UNTIL ITS FULL AHAHA
29-09-2017 14:52:57 ERROR Logger1 - THIS IS TO FILL THE DOCUMENT UNTIL ITS FULL AHAHA
29-09-2017 14:52:57 WARN  Logger1 - THIS IS TO FILL THE DOCUMENT UNTIL ITS FULL AHAHA
29-09-2017 14:52:57 WARN  Logger1 - THIS IS TO FILL THE DOCUMENT UNTIL ITS FULL AHAHA
29-09-2017 14:52:57 FATAL Logger1 - THIS IS TO FILL THE DOCUMENT UNTIL ITS FULL AHAHA
29-09-2017 14:52:57 FATAL Logger1 - THIS IS TO FILL THE DOCUMENT UNTIL ITS FULL AHAHA
29-09-2017 14:52:57 ERROR Logger2 - THIS IS TO FILL THE DOCUMENT UNTIL ITS FULL AHAHA
29-09-2017 14:52:57 WARN  Logger2 - THIS IS TO FILL THE DOCUMENT UNTIL ITS FULL AHAHA
29-09-2017 14:52:57 FATAL Logger2 - THIS IS TO FILL THE DOCUMENT UNTIL ITS FULL AHAHA
29-09-2017 14:58:58 ERROR Logger1 - THIS IS TO FILL THE DOCUMENT UNTIL ITS FULL AHAHA
29-09-2017 14:58:58 ERROR Logger1 - THIS IS TO FILL THE DOCUMENT UNTIL ITS FULL AHAHA
29-09-2017 14:58:58 WARN  Logger1 - THIS IS TO FILL THE DOCUMENT UNTIL ITS FULL AHAHA
29-09-2017 14:58:58 WARN  Logger1 - THIS IS TO FILL THE DOCUMENT UNTIL ITS FULL AHAHA
29-09-2017 14:58:58 FATAL Logger1 - THIS IS TO FILL THE DOCUMENT UNTIL ITS FULL AHAHA
29-09-2017 14:58:58 FATAL Logger1 - THIS IS TO FILL THE DOCUMENT UNTIL ITS FULL AHAHA
29-09-2017 14:58:58 ERROR Logger2 - THIS IS TO FILL THE DOCUMENT UNTIL ITS FULL AHAHA
29-09-2017 14:58:58 WARN  Logger2 - THIS IS TO FILL THE DOCUMENT UNTIL ITS FULL AHAHA
29-09-2017 14:58:58 FATAL Logger2 - THIS IS TO FILL THE DOCUMENT UNTIL ITS FULL AHAHA
29-09-2017 14:58:58 INFO  Logger2 - HTTP Reponse code: 404, response message: Not Found
29-09-2017 14:59:24 ERROR Logger1 - THIS IS TO FILL THE DOCUMENT UNTIL ITS FULL AHAHA
29-09-2017 14:59:24 ERROR Logger1 - THIS IS TO FILL THE DOCUMENT UNTIL ITS FULL AHAHA
29-09-2017 14:59:24 WARN  Logger1 - THIS IS TO FILL THE DOCUMENT UNTIL ITS FULL AHAHA
29-09-2017 14:59:24 WARN  Logger1 - THIS IS TO FILL THE DOCUMENT UNTIL ITS FULL AHAHA
29-09-2017 14:59:24 FATAL Logger1 - THIS IS TO FILL THE DOCUMENT UNTIL ITS FULL AHAHA
29-09-2017 14:59:24 FATAL Logger1 - THIS IS TO FILL THE DOCUMENT UNTIL ITS FULL AHAHA
29-09-2017 14:59:24 ERROR Logger2 - THIS IS TO FILL THE DOCUMENT UNTIL ITS FULL AHAHA
29-09-2017 14:59:24 WARN  Logger2 - THIS IS TO FILL THE DOCUMENT UNTIL ITS FULL AHAHA
29-09-2017 14:59:24 FATAL Logger2 - THIS IS TO FILL THE DOCUMENT UNTIL ITS FULL AHAHA
29-09-2017 14:59:25 INFO  Logger2 - HTTP Reponse code: 200, response message: OK
29-09-2017 14:59:47 ERROR Logger1 - THIS IS TO FILL THE DOCUMENT UNTIL ITS FULL AHAHA
29-09-2017 14:59:47 ERROR Logger1 - THIS IS TO FILL THE DOCUMENT UNTIL ITS FULL AHAHA
29-09-2017 14:59:47 WARN  Logger1 - THIS IS TO FILL THE DOCUMENT UNTIL ITS FULL AHAHA
29-09-2017 14:59:47 WARN  Logger1 - THIS IS TO FILL THE DOCUMENT UNTIL ITS FULL AHAHA
29-09-2017 14:59:48 FATAL Logger1 - THIS IS TO FILL THE DOCUMENT UNTIL ITS FULL AHAHA
29-09-2017 14:59:48 FATAL Logger1 - THIS IS TO FILL THE DOCUMENT UNTIL ITS FULL AHAHA
29-09-2017 14:59:48 ERROR Logger2 - THIS IS TO FILL THE DOCUMENT UNTIL ITS FULL AHAHA
29-09-2017 14:59:48 WARN  Logger2 - THIS IS TO FILL THE DOCUMENT UNTIL ITS FULL AHAHA
29-09-2017 14:59:48 FATAL Logger2 - THIS IS TO FILL THE DOCUMENT UNTIL ITS FULL AHAHA
29-09-2017 14:59:48 INFO  Logger2 - HTTP Reponse code: 200, response message: OK
29-09-2017 15:00:29 ERROR Logger1 - THIS IS TO FILL THE DOCUMENT UNTIL ITS FULL AHAHA
29-09-2017 15:00:29 ERROR Logger1 - THIS IS TO FILL THE DOCUMENT UNTIL ITS FULL AHAHA
29-09-2017 15:00:29 WARN  Logger1 - THIS IS TO FILL THE DOCUMENT UNTIL ITS FULL AHAHA
29-09-2017 15:00:29 WARN  Logger1 - THIS IS TO FILL THE DOCUMENT UNTIL ITS FULL AHAHA
29-09-2017 15:00:29 FATAL Logger1 - THIS IS TO FILL THE DOCUMENT UNTIL ITS FULL AHAHA
29-09-2017 15:00:29 FATAL Logger1 - THIS IS TO FILL THE DOCUMENT UNTIL ITS FULL AHAHA
29-09-2017 15:00:29 ERROR Logger2 - THIS IS TO FILL THE DOCUMENT UNTIL ITS FULL AHAHA
29-09-2017 15:00:29 WARN  Logger2 - THIS IS TO FILL THE DOCUMENT UNTIL ITS FULL AHAHA
29-09-2017 15:00:29 FATAL Logger2 - THIS IS TO FILL THE DOCUMENT UNTIL ITS FULL AHAHA
29-09-2017 15:00:29 INFO  Logger2 - HTTP Reponse code: 200, response message: OK
29-09-2017 15:02:40 ERROR Logger1 - THIS IS TO FILL THE DOCUMENT UNTIL ITS FULL AHAHA
29-09-2017 15:02:40 ERROR Logger1 - THIS IS TO FILL THE DOCUMENT UNTIL ITS FULL AHAHA
29-09-2017 15:02:40 WARN  Logger1 - THIS IS TO FILL THE DOCUMENT UNTIL ITS FULL AHAHA
29-09-2017 15:02:40 WARN  Logger1 - THIS IS TO FILL THE DOCUMENT UNTIL ITS FULL AHAHA
29-09-2017 15:02:40 FATAL Logger1 - THIS IS TO FILL THE DOCUMENT UNTIL ITS FULL AHAHA
29-09-2017 15:02:40 FATAL Logger1 - THIS IS TO FILL THE DOCUMENT UNTIL ITS FULL AHAHA
29-09-2017 15:02:40 ERROR Logger2 - THIS IS TO FILL THE DOCUMENT UNTIL ITS FULL AHAHA
29-09-2017 15:02:40 WARN  Logger2 - THIS IS TO FILL THE DOCUMENT UNTIL ITS FULL AHAHA
29-09-2017 15:02:40 FATAL Logger2 - THIS IS TO FILL THE DOCUMENT UNTIL ITS FULL AHAHA
29-09-2017 15:02:40 INFO  Logger2 - HTTP Reponse code: 200, response message: OK
29-09-2017 15:03:07 ERROR Logger1 - THIS IS TO FILL THE DOCUMENT UNTIL ITS FULL AHAHA
29-09-2017 15:03:07 ERROR Logger1 - THIS IS TO FILL THE DOCUMENT UNTIL ITS FULL AHAHA
29-09-2017 15:03:07 WARN  Logger1 - THIS IS TO FILL THE DOCUMENT UNTIL ITS FULL AHAHA
29-09-2017 15:03:07 WARN  Logger1 - THIS IS TO FILL THE DOCUMENT UNTIL ITS FULL AHAHA
29-09-2017 15:03:07 FATAL Logger1 - THIS IS TO FILL THE DOCUMENT UNTIL ITS FULL AHAHA
29-09-2017 15:03:07 FATAL Logger1 - THIS IS TO FILL THE DOCUMENT UNTIL ITS FULL AHAHA
29-09-2017 15:03:07 ERROR Logger2 - THIS IS TO FILL THE DOCUMENT UNTIL ITS FULL AHAHA
29-09-2017 15:03:07 WARN  Logger2 - THIS IS TO FILL THE DOCUMENT UNTIL ITS FULL AHAHA
29-09-2017 15:03:07 FATAL Logger2 - THIS IS TO FILL THE DOCUMENT UNTIL ITS FULL AHAHA
29-09-2017 15:03:08 INFO  Logger2 - HTTP Reponse code: 200, response message: OK
29-09-2017 15:03:13 ERROR Logger1 - THIS IS TO FILL THE DOCUMENT UNTIL ITS FULL AHAHA
29-09-2017 15:03:13 ERROR Logger1 - THIS IS TO FILL THE DOCUMENT UNTIL ITS FULL AHAHA
29-09-2017 15:03:13 WARN  Logger1 - THIS IS TO FILL THE DOCUMENT UNTIL ITS FULL AHAHA
29-09-2017 15:03:13 WARN  Logger1 - THIS IS TO FILL THE DOCUMENT UNTIL ITS FULL AHAHA
29-09-2017 15:03:13 FATAL Logger1 - THIS IS TO FILL THE DOCUMENT UNTIL ITS FULL AHAHA
29-09-2017 15:03:13 FATAL Logger1 - THIS IS TO FILL THE DOCUMENT UNTIL ITS FULL AHAHA
29-09-2017 15:03:13 ERROR Logger2 - THIS IS TO FILL THE DOCUMENT UNTIL ITS FULL AHAHA
29-09-2017 15:03:13 WARN  Logger2 - THIS IS TO FILL THE DOCUMENT UNTIL ITS FULL AHAHA
29-09-2017 15:03:13 FATAL Logger2 - THIS IS TO FILL THE DOCUMENT UNTIL ITS FULL AHAHA
29-09-2017 15:03:14 INFO  Logger2 - HTTP Reponse code: 200, response message: OK
29-09-2017 15:04:17 ERROR Logger1 - THIS IS TO FILL THE DOCUMENT UNTIL ITS FULL AHAHA
29-09-2017 15:04:17 ERROR Logger1 - THIS IS TO FILL THE DOCUMENT UNTIL ITS FULL AHAHA
29-09-2017 15:04:17 WARN  Logger1 - THIS IS TO FILL THE DOCUMENT UNTIL ITS FULL AHAHA
29-09-2017 15:04:17 WARN  Logger1 - THIS IS TO FILL THE DOCUMENT UNTIL ITS FULL AHAHA
29-09-2017 15:04:17 FATAL Logger1 - THIS IS TO FILL THE DOCUMENT UNTIL ITS FULL AHAHA
29-09-2017 15:04:17 FATAL Logger1 - THIS IS TO FILL THE DOCUMENT UNTIL ITS FULL AHAHA
29-09-2017 15:04:17 ERROR Logger2 - THIS IS TO FILL THE DOCUMENT UNTIL ITS FULL AHAHA
29-09-2017 15:04:17 WARN  Logger2 - THIS IS TO FILL THE DOCUMENT UNTIL ITS FULL AHAHA
29-09-2017 15:04:17 FATAL Logger2 - THIS IS TO FILL THE DOCUMENT UNTIL ITS FULL AHAHA
29-09-2017 15:04:18 INFO  Logger2 - HTTP Reponse code: 200, response message: OK
29-09-2017 16:04:05 ERROR Logger1 - THIS IS TO FILL THE DOCUMENT UNTIL ITS FULL AHAHA
29-09-2017 16:04:05 ERROR Logger1 - THIS IS TO FILL THE DOCUMENT UNTIL ITS FULL AHAHA
29-09-2017 16:04:05 WARN  Logger1 - THIS IS TO FILL THE DOCUMENT UNTIL ITS FULL AHAHA
29-09-2017 16:04:05 WARN  Logger1 - THIS IS TO FILL THE DOCUMENT UNTIL ITS FULL AHAHA
29-09-2017 16:04:05 FATAL Logger1 - THIS IS TO FILL THE DOCUMENT UNTIL ITS FULL AHAHA
29-09-2017 16:04:05 FATAL Logger1 - THIS IS TO FILL THE DOCUMENT UNTIL ITS FULL AHAHA
29-09-2017 16:04:05 ERROR Logger2 - THIS IS TO FILL THE DOCUMENT UNTIL ITS FULL AHAHA
29-09-2017 16:04:05 WARN  Logger2 - THIS IS TO FILL THE DOCUMENT UNTIL ITS FULL AHAHA
29-09-2017 16:04:05 FATAL Logger2 - THIS IS TO FILL THE DOCUMENT UNTIL ITS FULL AHAHA
29-09-2017 16:04:06 INFO  Logger2 - HTTP Reponse code: 200, response message: OK
29-09-2017 16:05:54 ERROR Logger1 - THIS IS TO FILL THE DOCUMENT UNTIL ITS FULL AHAHA
29-09-2017 16:05:54 ERROR Logger1 - THIS IS TO FILL THE DOCUMENT UNTIL ITS FULL AHAHA
29-09-2017 16:05:54 WARN  Logger1 - THIS IS TO FILL THE DOCUMENT UNTIL ITS FULL AHAHA
29-09-2017 16:05:54 WARN  Logger1 - THIS IS TO FILL THE DOCUMENT UNTIL ITS FULL AHAHA
29-09-2017 16:05:54 FATAL Logger1 - THIS IS TO FILL THE DOCUMENT UNTIL ITS FULL AHAHA
29-09-2017 16:05:54 FATAL Logger1 - THIS IS TO FILL THE DOCUMENT UNTIL ITS FULL AHAHA
29-09-2017 16:05:54 ERROR Logger2 - THIS IS TO FILL THE DOCUMENT UNTIL ITS FULL AHAHA
29-09-2017 16:05:54 WARN  Logger2 - THIS IS TO FILL THE DOCUMENT UNTIL ITS FULL AHAHA
29-09-2017 16:05:54 FATAL Logger2 - THIS IS TO FILL THE DOCUMENT UNTIL ITS FULL AHAHA
29-09-2017 16:05:55 INFO  Logger2 - HTTP Reponse code: 200, response message: OK
29-09-2017 16:06:16 ERROR Logger1 - THIS IS TO FILL THE DOCUMENT UNTIL ITS FULL AHAHA
29-09-2017 16:06:16 ERROR Logger1 - THIS IS TO FILL THE DOCUMENT UNTIL ITS FULL AHAHA
29-09-2017 16:06:16 WARN  Logger1 - THIS IS TO FILL THE DOCUMENT UNTIL ITS FULL AHAHA
29-09-2017 16:06:16 WARN  Logger1 - THIS IS TO FILL THE DOCUMENT UNTIL ITS FULL AHAHA
29-09-2017 16:06:16 FATAL Logger1 - THIS IS TO FILL THE DOCUMENT UNTIL ITS FULL AHAHA
29-09-2017 16:06:16 FATAL Logger1 - THIS IS TO FILL THE DOCUMENT UNTIL ITS FULL AHAHA
29-09-2017 16:06:16 ERROR Logger2 - THIS IS TO FILL THE DOCUMENT UNTIL ITS FULL AHAHA
29-09-2017 16:06:16 WARN  Logger2 - THIS IS TO FILL THE DOCUMENT UNTIL ITS FULL AHAHA
29-09-2017 16:06:16 FATAL Logger2 - THIS IS TO FILL THE DOCUMENT UNTIL ITS FULL AHAHA
29-09-2017 16:06:17 INFO  Logger2 - HTTP Reponse code: 200, response message: OK
10-10-2017 15:38:58 ERROR Logger1 - THIS IS TO FILL THE DOCUMENT UNTIL ITS FULL AHAHA
10-10-2017 15:38:58 ERROR Logger1 - THIS IS TO FILL THE DOCUMENT UNTIL ITS FULL AHAHA
10-10-2017 15:38:58 WARN  Logger1 - THIS IS TO FILL THE DOCUMENT UNTIL ITS FULL AHAHA
10-10-2017 15:38:58 WARN  Logger1 - THIS IS TO FILL THE DOCUMENT UNTIL ITS FULL AHAHA
10-10-2017 15:38:58 FATAL Logger1 - THIS IS TO FILL THE DOCUMENT UNTIL ITS FULL AHAHA
10-10-2017 15:38:58 FATAL Logger1 - THIS IS TO FILL THE DOCUMENT UNTIL ITS FULL AHAHA
10-10-2017 15:38:58 ERROR Logger2 - THIS IS TO FILL THE DOCUMENT UNTIL ITS FULL AHAHA
10-10-2017 15:38:58 WARN  Logger2 - THIS IS TO FILL THE DOCUMENT UNTIL ITS FULL AHAHA
10-10-2017 15:38:58 FATAL Logger2 - THIS IS TO FILL THE DOCUMENT UNTIL ITS FULL AHAHA
10-10-2017 15:40:28 ERROR Logger1 - THIS IS TO FILL THE DOCUMENT UNTIL ITS FULL AHAHA
10-10-2017 15:40:28 ERROR Logger1 - THIS IS TO FILL THE DOCUMENT UNTIL ITS FULL AHAHA
10-10-2017 15:40:28 WARN  Logger1 - THIS IS TO FILL THE DOCUMENT UNTIL ITS FULL AHAHA
10-10-2017 15:40:28 WARN  Logger1 - THIS IS TO FILL THE DOCUMENT UNTIL ITS FULL AHAHA
10-10-2017 15:40:28 FATAL Logger1 - THIS IS TO FILL THE DOCUMENT UNTIL ITS FULL AHAHA
10-10-2017 15:40:28 FATAL Logger1 - THIS IS TO FILL THE DOCUMENT UNTIL ITS FULL AHAHA
10-10-2017 15:40:28 ERROR Logger2 - THIS IS TO FILL THE DOCUMENT UNTIL ITS FULL AHAHA
10-10-2017 15:40:28 WARN  Logger2 - THIS IS TO FILL THE DOCUMENT UNTIL ITS FULL AHAHA
10-10-2017 15:40:28 FATAL Logger2 - THIS IS TO FILL THE DOCUMENT UNTIL ITS FULL AHAHA
10-10-2017 15:40:54 ERROR Logger1 - THIS IS TO FILL THE DOCUMENT UNTIL ITS FULL AHAHA
10-10-2017 15:40:54 ERROR Logger1 - THIS IS TO FILL THE DOCUMENT UNTIL ITS FULL AHAHA
10-10-2017 15:40:54 WARN  Logger1 - THIS IS TO FILL THE DOCUMENT UNTIL ITS FULL AHAHA
10-10-2017 15:40:54 WARN  Logger1 - THIS IS TO FILL THE DOCUMENT UNTIL ITS FULL AHAHA
10-10-2017 15:40:54 FATAL Logger1 - THIS IS TO FILL THE DOCUMENT UNTIL ITS FULL AHAHA
10-10-2017 15:40:54 FATAL Logger1 - THIS IS TO FILL THE DOCUMENT UNTIL ITS FULL AHAHA
10-10-2017 15:40:54 ERROR Logger2 - THIS IS TO FILL THE DOCUMENT UNTIL ITS FULL AHAHA
10-10-2017 15:40:54 WARN  Logger2 - THIS IS TO FILL THE DOCUMENT UNTIL ITS FULL AHAHA
10-10-2017 15:40:54 FATAL Logger2 - THIS IS TO FILL THE DOCUMENT UNTIL ITS FULL AHAHA
10-10-2017 15:41:03 ERROR Logger1 - THIS IS TO FILL THE DOCUMENT UNTIL ITS FULL AHAHA
10-10-2017 15:41:03 ERROR Logger1 - THIS IS TO FILL THE DOCUMENT UNTIL ITS FULL AHAHA
10-10-2017 15:41:03 WARN  Logger1 - THIS IS TO FILL THE DOCUMENT UNTIL ITS FULL AHAHA
10-10-2017 15:41:03 WARN  Logger1 - THIS IS TO FILL THE DOCUMENT UNTIL ITS FULL AHAHA
10-10-2017 15:41:03 FATAL Logger1 - THIS IS TO FILL THE DOCUMENT UNTIL ITS FULL AHAHA
10-10-2017 15:41:03 FATAL Logger1 - THIS IS TO FILL THE DOCUMENT UNTIL ITS FULL AHAHA
10-10-2017 15:41:03 ERROR Logger2 - THIS IS TO FILL THE DOCUMENT UNTIL ITS FULL AHAHA
10-10-2017 15:41:03 WARN  Logger2 - THIS IS TO FILL THE DOCUMENT UNTIL ITS FULL AHAHA
10-10-2017 15:41:03 FATAL Logger2 - THIS IS TO FILL THE DOCUMENT UNTIL ITS FULL AHAHA
