23-09-2017 19:09:52 ERROR [main] Logger2 - THIS IS TO FILL THE DOCUMENT UNTIL ITS FULL AHAHA
23-09-2017 19:09:52 WARN  [main] Logger2 - THIS IS TO FILL THE DOCUMENT UNTIL ITS FULL AHAHA
23-09-2017 19:09:52 FATAL [main] Logger2 - THIS IS TO FILL THE DOCUMENT UNTIL ITS FULL AHAHA
23-09-2017 19:13:14 ERROR [main] Logger2 - THIS IS TO FILL THE DOCUMENT UNTIL ITS FULL AHAHA
23-09-2017 19:13:14 WARN  [main] Logger2 - THIS IS TO FILL THE DOCUMENT UNTIL ITS FULL AHAHA
23-09-2017 19:13:14 FATAL [main] Logger2 - THIS IS TO FILL THE DOCUMENT UNTIL ITS FULL AHAHA
23-09-2017 19:13:33 ERROR [main] Logger2 - THIS IS TO FILL THE DOCUMENT UNTIL ITS FULL AHAHA
23-09-2017 19:13:33 WARN  [main] Logger2 - THIS IS TO FILL THE DOCUMENT UNTIL ITS FULL AHAHA
23-09-2017 19:13:33 FATAL [main] Logger2 - THIS IS TO FILL THE DOCUMENT UNTIL ITS FULL AHAHA
23-09-2017 19:14:07 ERROR [main] Logger2 - THIS IS TO FILL THE DOCUMENT UNTIL ITS FULL AHAHA
23-09-2017 19:14:07 WARN  [main] Logger2 - THIS IS TO FILL THE DOCUMENT UNTIL ITS FULL AHAHA
23-09-2017 19:14:07 FATAL [main] Logger2 - THIS IS TO FILL THE DOCUMENT UNTIL ITS FULL AHAHA
23-09-2017 19:15:03 ERROR Logger2 - THIS IS TO FILL THE DOCUMENT UNTIL ITS FULL AHAHA
23-09-2017 19:15:03 WARN  Logger2 - THIS IS TO FILL THE DOCUMENT UNTIL ITS FULL AHAHA
23-09-2017 19:15:03 FATAL Logger2 - THIS IS TO FILL THE DOCUMENT UNTIL ITS FULL AHAHA
23-09-2017 19:15:15 ERROR Logger2 - THIS IS TO FILL THE DOCUMENT UNTIL ITS FULL AHAHA
23-09-2017 19:15:15 WARN  Logger2 - THIS IS TO FILL THE DOCUMENT UNTIL ITS FULL AHAHA
23-09-2017 19:15:15 FATAL Logger2 - THIS IS TO FILL THE DOCUMENT UNTIL ITS FULL AHAHA
23-09-2017 19:16:38 ERROR Logger2 - THIS IS TO FILL THE DOCUMENT UNTIL ITS FULL AHAHA
23-09-2017 19:16:38 WARN  Logger2 - THIS IS TO FILL THE DOCUMENT UNTIL ITS FULL AHAHA
23-09-2017 19:16:38 FATAL Logger2 - THIS IS TO FILL THE DOCUMENT UNTIL ITS FULL AHAHA
23-09-2017 19:49:13 ERROR Logger2 - THIS IS TO FILL THE DOCUMENT UNTIL ITS FULL AHAHA
23-09-2017 19:49:13 WARN  Logger2 - THIS IS TO FILL THE DOCUMENT UNTIL ITS FULL AHAHA
23-09-2017 19:49:13 FATAL Logger2 - THIS IS TO FILL THE DOCUMENT UNTIL ITS FULL AHAHA
